INFO: [VRFC 10-2263] Analyzing Verilog file "C:/Users/Evan/Documents/Thesis/Vivado and Keysight/Vivado Project/lockin/lockin.srcs/sources_1/bd/lockin/ip/lockin_xlslice_0_1/sim/lockin_xlslice_0_1.v" into library xil_defaultlib
INFO: [VRFC 10-311] analyzing module lockin_xlslice_0_1
INFO: [VRFC 10-2263] Analyzing Verilog file "C:/Users/Evan/Documents/Thesis/Vivado and Keysight/Vivado Project/lockin/lockin.srcs/sources_1/bd/lockin/ip/lockin_xlslice_1_1/sim/lockin_xlslice_1_1.v" into library xil_defaultlib
INFO: [VRFC 10-311] analyzing module lockin_xlslice_1_1
INFO: [VRFC 10-2263] Analyzing Verilog file "C:/Users/Evan/Documents/Thesis/Vivado and Keysight/Vivado Project/lockin/lockin.srcs/sources_1/bd/lockin/ip/lockin_xlslice_2_0/sim/lockin_xlslice_2_0.v" into library xil_defaultlib
INFO: [VRFC 10-311] analyzing module lockin_xlslice_2_0
INFO: [VRFC 10-2263] Analyzing Verilog file "C:/Users/Evan/Documents/Thesis/Vivado and Keysight/Vivado Project/lockin/lockin.srcs/sources_1/bd/lockin/ip/lockin_xlconcat_0_0/sim/lockin_xlconcat_0_0.v" into library xil_defaultlib
INFO: [VRFC 10-311] analyzing module lockin_xlconcat_0_0
INFO: [VRFC 10-2263] Analyzing Verilog file "C:/Users/Evan/Documents/Thesis/Vivado and Keysight/Vivado Project/lockin/lockin.srcs/sources_1/bd/lockin/ip/lockin_xlconcat_0_1/sim/lockin_xlconcat_0_1.v" into library xil_defaultlib
INFO: [VRFC 10-311] analyzing module lockin_xlconcat_0_1
INFO: [VRFC 10-2263] Analyzing Verilog file "C:/Users/Evan/Documents/Thesis/Vivado and Keysight/Vivado Project/lockin/lockin.srcs/sources_1/bd/lockin/ip/lockin_xlconstant_0_0/sim/lockin_xlconstant_0_0.v" into library xil_defaultlib
INFO: [VRFC 10-311] analyzing module lockin_xlconstant_0_0
INFO: [VRFC 10-2263] Analyzing Verilog file "C:/Users/Evan/Documents/Thesis/Vivado and Keysight/Vivado Project/lockin/lockin.sim/sim_1/behav/glbl.v" into library xil_defaultlib
INFO: [VRFC 10-311] analyzing module glbl
INFO: [VRFC 10-163] Analyzing VHDL file "C:/Users/Evan/Documents/Thesis/Vivado and Keysight/Vivado Project/lockin/lockin.srcs/sources_1/bd/lockin/hdl/lockin.vhd" into library xil_defaultlib
INFO: [VRFC 10-307] analyzing entity lockin
INFO: [VRFC 10-163] Analyzing VHDL file "C:/Users/Evan/Documents/Thesis/Vivado and Keysight/Vivado Project/lockin/lockin.srcs/sources_1/bd/lockin/ip/lockin_dds_compiler_0_1/sim/lockin_dds_compiler_0_1.vhd" into library xil_defaultlib
INFO: [VRFC 10-307] analyzing entity lockin_dds_compiler_0_1
INFO: [VRFC 10-163] Analyzing VHDL file "C:/Users/Evan/Documents/Thesis/Vivado and Keysight/Vivado Project/lockin/lockin.srcs/sources_1/bd/lockin/ip/lockin_mult_gen_0_0/sim/lockin_mult_gen_0_0.vhd" into library xil_defaultlib
INFO: [VRFC 10-307] analyzing entity lockin_mult_gen_0_0
INFO: [VRFC 10-163] Analyzing VHDL file "C:/Users/Evan/Documents/Thesis/Vivado and Keysight/Vivado Project/lockin/lockin.srcs/sources_1/bd/lockin/ip/lockin_mult_gen_1_0/sim/lockin_mult_gen_1_0.vhd" into library xil_defaultlib
INFO: [VRFC 10-307] analyzing entity lockin_mult_gen_1_0
INFO: [VRFC 10-163] Analyzing VHDL file "C:/Users/Evan/Documents/Thesis/Vivado and Keysight/Vivado Project/lockin/lockin.srcs/sources_1/bd/lockin/ip/lockin_fir_compiler_0_0/sim/lockin_fir_compiler_0_0.vhd" into library xil_defaultlib
INFO: [VRFC 10-307] analyzing entity lockin_fir_compiler_0_0
INFO: [VRFC 10-163] Analyzing VHDL file "C:/Users/Evan/Documents/Thesis/Vivado and Keysight/Vivado Project/lockin/lockin.srcs/sources_1/bd/lockin/ip/lockin_fir_compiler_1_0/sim/lockin_fir_compiler_1_0.vhd" into library xil_defaultlib
INFO: [VRFC 10-307] analyzing entity lockin_fir_compiler_1_0
INFO: [VRFC 10-163] Analyzing VHDL file "C:/Users/Evan/Documents/Thesis/Vivado and Keysight/Vivado Project/lockin/lockin.srcs/sources_1/bd/lockin/ip/lockin_mult_gen_2_0/sim/lockin_mult_gen_2_0.vhd" into library xil_defaultlib
INFO: [VRFC 10-307] analyzing entity lockin_mult_gen_2_0
INFO: [VRFC 10-163] Analyzing VHDL file "C:/Users/Evan/Documents/Thesis/Vivado and Keysight/Vivado Project/lockin/lockin.srcs/sources_1/bd/lockin/ip/lockin_mult_gen_3_0/sim/lockin_mult_gen_3_0.vhd" into library xil_defaultlib
INFO: [VRFC 10-307] analyzing entity lockin_mult_gen_3_0
INFO: [VRFC 10-163] Analyzing VHDL file "C:/Users/Evan/Documents/Thesis/Vivado and Keysight/Vivado Project/lockin/lockin.srcs/sources_1/bd/lockin/ip/lockin_mult_gen_4_0/sim/lockin_mult_gen_4_0.vhd" into library xil_defaultlib
INFO: [VRFC 10-307] analyzing entity lockin_mult_gen_4_0
INFO: [VRFC 10-163] Analyzing VHDL file "C:/Users/Evan/Documents/Thesis/Vivado and Keysight/Vivado Project/lockin/lockin.srcs/sources_1/bd/lockin/ip/lockin_dds_compiler_0_0/sim/lockin_dds_compiler_0_0.vhd" into library xil_defaultlib
INFO: [VRFC 10-307] analyzing entity lockin_dds_compiler_0_0
INFO: [VRFC 10-163] Analyzing VHDL file "C:/Users/Evan/Documents/Thesis/Vivado and Keysight/Vivado Project/lockin/lockin.srcs/sim_1/new/filter_tb.vhd" into library xil_defaultlib
INFO: [VRFC 10-307] analyzing entity filter_tb
